[debug] [2021-07-24T20:02:24.937Z] ----------------------------------------------------------------------
[debug] [2021-07-24T20:02:24.939Z] Command:       C:\Program Files\nodejs\node.exe C:\Users\Rayven\AppData\Roaming\npm\node_modules\firebase-tools\lib\bin\firebase.js functions:shell
[debug] [2021-07-24T20:02:24.939Z] CLI Version:   9.16.0
[debug] [2021-07-24T20:02:24.940Z] Platform:      win32
[debug] [2021-07-24T20:02:24.940Z] Node Version:  v14.15.3
[debug] [2021-07-24T20:02:24.940Z] Time:          Sat Jul 24 2021 15:02:24 GMT-0500 (Central Daylight Time)
[debug] [2021-07-24T20:02:24.940Z] ----------------------------------------------------------------------
[debug] 
[debug] [2021-07-24T20:02:24.998Z] > command requires scopes: ["email","openid","https://www.googleapis.com/auth/cloudplatformprojects.readonly","https://www.googleapis.com/auth/firebase","https://www.googleapis.com/auth/cloud-platform"]
[debug] [2021-07-24T20:02:24.998Z] > authorizing via signed-in user (rjderay@gmail.com)
[debug] [2021-07-24T20:02:24.999Z] [iam] checking project rayvenderaywebsite for permissions ["firebase.projects.get"]
[debug] [2021-07-24T20:02:25.000Z] >>> HTTP REQUEST POST https://cloudresourcemanager.googleapis.com/v1/projects/rayvenderaywebsite:testIamPermissions  
 {"permissions":["firebase.projects.get"]}
[debug] [2021-07-24T20:02:25.156Z] <<< HTTP RESPONSE 200 {"content-type":"application/json; charset=UTF-8","vary":"X-Origin, Referer, Origin,Accept-Encoding","date":"Sat, 24 Jul 2021 20:02:24 GMT","server":"ESF","cache-control":"private","x-xss-protection":"0","x-frame-options":"SAMEORIGIN","x-content-type-options":"nosniff","server-timing":"gfet4t7; dur=70","alt-svc":"h3=\":443\"; ma=2592000,h3-29=\":443\"; ma=2592000,h3-T051=\":443\"; ma=2592000,h3-Q050=\":443\"; ma=2592000,h3-Q046=\":443\"; ma=2592000,h3-Q043=\":443\"; ma=2592000,quic=\":443\"; ma=2592000; v=\"46,43\"","accept-ranges":"none","transfer-encoding":"chunked"}
[debug] [2021-07-24T20:02:25.175Z] [functions] Using node@14 from host.
[debug] [2021-07-24T20:02:25.176Z] defaultcredentials: writing to file C:\Users\Rayven\AppData\Roaming\firebase\rjderay_gmail_com_application_default_credentials.json
[debug] [2021-07-24T20:02:25.177Z] DEBUG: Setting GAC to C:\Users\Rayven\AppData\Roaming\firebase\rjderay_gmail_com_application_default_credentials.json
[debug] [2021-07-24T20:02:25.178Z] > refreshing access token with scopes: []
[debug] [2021-07-24T20:02:25.178Z] >>> HTTP REQUEST POST https://www.googleapis.com/oauth2/v3/token  
 <request body omitted>
[debug] [2021-07-24T20:02:25.261Z] <<< HTTP RESPONSE 200 {"expires":"Mon, 01 Jan 1990 00:00:00 GMT","date":"Sat, 24 Jul 2021 20:02:25 GMT","pragma":"no-cache","cache-control":"no-cache, no-store, max-age=0, must-revalidate","content-type":"application/json; charset=utf-8","vary":"X-Origin, Referer, Origin,Accept-Encoding","server":"scaffolding on HTTPServer2","x-xss-protection":"0","x-frame-options":"SAMEORIGIN","x-content-type-options":"nosniff","alt-svc":"h3=\":443\"; ma=2592000,h3-29=\":443\"; ma=2592000,h3-T051=\":443\"; ma=2592000,h3-Q050=\":443\"; ma=2592000,h3-Q046=\":443\"; ma=2592000,h3-Q043=\":443\"; ma=2592000,quic=\":443\"; ma=2592000; v=\"46,43\"","accept-ranges":"none","transfer-encoding":"chunked"}
[debug] [2021-07-24T20:02:25.268Z] >>> [apiv2][query] GET https://firebase.googleapis.com/v1beta1/projects/rayvenderaywebsite/adminSdkConfig [none]
[debug] [2021-07-24T20:02:25.421Z] <<< [apiv2][status] GET https://firebase.googleapis.com/v1beta1/projects/rayvenderaywebsite/adminSdkConfig 200
[debug] [2021-07-24T20:02:25.421Z] <<< [apiv2][body] GET https://firebase.googleapis.com/v1beta1/projects/rayvenderaywebsite/adminSdkConfig {"projectId":"rayvenderaywebsite","storageBucket":"rayvenderaywebsite.appspot.com"}
[debug] [2021-07-24T20:02:25.430Z] [functions] Watching "D:\Personal\Personal Website Angular\personal_website_angular\functions" for Cloud Functions...
[debug] [2021-07-24T20:02:25.443Z] DEBUG: [worker-pool] addWorker(~diagnostic~)
[debug] [2021-07-24T20:02:25.443Z] DEBUG: [worker-pool] Adding worker with key ~diagnostic~, total=1
[debug] [2021-07-24T20:02:25.443Z] DEBUG: [worker-pool] submitWork(triggerId=)
[debug] [2021-07-24T20:02:25.444Z] DEBUG: [worker-~diagnostic~-051a1c16-b6bd-4fb6-ac98-49d8fcc37a84]: Assigning socketPath: \\?\pipe\D:\Personal\Personal Website Angular\personal_website_angular\functions\15680
[debug] [2021-07-24T20:02:25.444Z] DEBUG: [worker-~diagnostic~-051a1c16-b6bd-4fb6-ac98-49d8fcc37a84]: BUSY
[debug] [2021-07-24T20:02:25.614Z] DEBUG: [runtime-status] [15680] Functions runtime initialized. {"cwd":"D:\\Personal\\Personal Website Angular\\personal_website_angular\\functions","node_version":"14.15.3"}
[debug] [2021-07-24T20:02:25.615Z] DEBUG: [runtime-status] [15680] Disabled runtime features: undefined
[debug] [2021-07-24T20:02:25.618Z] DEBUG: [runtime-status] [15680] Resolved module firebase-admin {"declared":true,"installed":true,"version":"9.11.0","resolution":"D:\\Personal\\Personal Website Angular\\personal_website_angular\\functions\\node_modules\\firebase-admin\\lib\\index.js"}
[debug] [2021-07-24T20:02:25.619Z] DEBUG: [runtime-status] [15680] Resolved module firebase-functions {"declared":true,"installed":true,"version":"3.14.1","resolution":"D:\\Personal\\Personal Website Angular\\personal_website_angular\\functions\\node_modules\\firebase-functions\\lib\\index.js"}
[debug] [2021-07-24T20:02:25.620Z] DEBUG: [runtime-status] [15680] Resolved module firebase-functions {"declared":true,"installed":true,"version":"3.14.1","resolution":"D:\\Personal\\Personal Website Angular\\personal_website_angular\\functions\\node_modules\\firebase-functions\\lib\\index.js"}
[debug] [2021-07-24T20:02:25.622Z] DEBUG: [runtime-status] [15680] Outgoing network have been stubbed. [{"name":"http","status":"mocked"},{"name":"http","status":"mocked"},{"name":"https","status":"mocked"},{"name":"https","status":"mocked"},{"name":"net","status":"mocked"}]
[debug] [2021-07-24T20:02:25.622Z] DEBUG: [runtime-status] [15680] Resolved module firebase-functions {"declared":true,"installed":true,"version":"3.14.1","resolution":"D:\\Personal\\Personal Website Angular\\personal_website_angular\\functions\\node_modules\\firebase-functions\\lib\\index.js"}
[debug] [2021-07-24T20:02:25.665Z] DEBUG: [runtime-status] [15680] Checked functions.config() {"config":{}}
[debug] [2021-07-24T20:02:25.665Z] DEBUG: [runtime-status] [15680] firebase-functions has been stubbed. {"functionsResolution":{"declared":true,"installed":true,"version":"3.14.1","resolution":"D:\\Personal\\Personal Website Angular\\personal_website_angular\\functions\\node_modules\\firebase-functions\\lib\\index.js"}}
[debug] [2021-07-24T20:02:25.665Z] DEBUG: [runtime-status] [15680] Resolved module firebase-functions {"declared":true,"installed":true,"version":"3.14.1","resolution":"D:\\Personal\\Personal Website Angular\\personal_website_angular\\functions\\node_modules\\firebase-functions\\lib\\index.js"}
[debug] [2021-07-24T20:02:25.666Z] DEBUG: [runtime-status] [15680] Resolved module firebase-admin {"declared":true,"installed":true,"version":"9.11.0","resolution":"D:\\Personal\\Personal Website Angular\\personal_website_angular\\functions\\node_modules\\firebase-admin\\lib\\index.js"}
[debug] [2021-07-24T20:02:25.666Z] DEBUG: [runtime-status] [15680] Resolved module firebase-functions {"declared":true,"installed":true,"version":"3.14.1","resolution":"D:\\Personal\\Personal Website Angular\\personal_website_angular\\functions\\node_modules\\firebase-functions\\lib\\index.js"}
[debug] [2021-07-24T20:02:25.667Z] DEBUG: [runtime-status] [15680] firebase-admin has been stubbed. {"adminResolution":{"declared":true,"installed":true,"version":"9.11.0","resolution":"D:\\Personal\\Personal Website Angular\\personal_website_angular\\functions\\node_modules\\firebase-admin\\lib\\index.js"}}
[warn] !  It looks like you're trying to access functions.config().weather but there is no value there. You can learn more about setting up config here: https://firebase.google.com/docs/functions/local-emulator {"metadata":{"emulator":{"name":"functions"},"message":"It looks like you're trying to access functions.config().weather but there is no value there. You can learn more about setting up config here: https://firebase.google.com/docs/functions/local-emulator"}}
[warn] !  TypeError: Cannot read property 'key' of undefined
    at Object.<anonymous> (D:\Personal\Personal Website Angular\personal_website_angular\functions\lib\weather\weather.js:7:39)
    at Module._compile (internal/modules/cjs/loader.js:1063:30)
    at Object.Module._extensions..js (internal/modules/cjs/loader.js:1092:10)
    at Module.load (internal/modules/cjs/loader.js:928:32)
    at Function.Module._load (internal/modules/cjs/loader.js:769:14)
    at Module.require (internal/modules/cjs/loader.js:952:19)
    at require (internal/modules/cjs/helpers.js:88:18)
    at Object.<anonymous> (D:\Personal\Personal Website Angular\personal_website_angular\functions\lib\index.js:4:17)
    at Module._compile (internal/modules/cjs/loader.js:1063:30)
    at Object.Module._extensions..js (internal/modules/cjs/loader.js:1092:10) {"metadata":{"emulator":{"name":"functions"},"message":"TypeError: Cannot read property 'key' of undefined\n    at Object.<anonymous> (D:\\Personal\\Personal Website Angular\\personal_website_angular\\functions\\lib\\weather\\weather.js:7:39)\n    at Module._compile (internal/modules/cjs/loader.js:1063:30)\n    at Object.Module._extensions..js (internal/modules/cjs/loader.js:1092:10)\n    at Module.load (internal/modules/cjs/loader.js:928:32)\n    at Function.Module._load (internal/modules/cjs/loader.js:769:14)\n    at Module.require (internal/modules/cjs/loader.js:952:19)\n    at require (internal/modules/cjs/helpers.js:88:18)\n    at Object.<anonymous> (D:\\Personal\\Personal Website Angular\\personal_website_angular\\functions\\lib\\index.js:4:17)\n    at Module._compile (internal/modules/cjs/loader.js:1063:30)\n    at Object.Module._extensions..js (internal/modules/cjs/loader.js:1092:10)"}}
[warn] !  We were unable to load your functions code. (see above)
   - It appears your code is written in Typescript, which must be compiled before emulation.
   - You may be able to run "npm run build" in your functions directory to resolve this. {"metadata":{"emulator":{"name":"functions"}}}
[debug] [2021-07-24T20:02:25.694Z] DEBUG: [worker-~diagnostic~-051a1c16-b6bd-4fb6-ac98-49d8fcc37a84]: exited
[debug] [2021-07-24T20:02:25.694Z] DEBUG: [worker-~diagnostic~-051a1c16-b6bd-4fb6-ac98-49d8fcc37a84]: FINISHED
