[debug] [2021-07-27T12:05:57.714Z] ----------------------------------------------------------------------
[debug] [2021-07-27T12:05:57.715Z] Command:       C:\Program Files\nodejs\node.exe C:\Users\Rayven\AppData\Roaming\npm\node_modules\firebase-tools\lib\bin\firebase.js deploy --only functions:weather-getTemp
[debug] [2021-07-27T12:05:57.716Z] CLI Version:   9.16.0
[debug] [2021-07-27T12:05:57.716Z] Platform:      win32
[debug] [2021-07-27T12:05:57.716Z] Node Version:  v14.15.3
[debug] [2021-07-27T12:05:57.716Z] Time:          Tue Jul 27 2021 07:05:57 GMT-0500 (Central Daylight Time)
[debug] [2021-07-27T12:05:57.717Z] ----------------------------------------------------------------------
[debug] 
[debug] [2021-07-27T12:05:57.718Z] >>> [apiv2][query] GET https://firebase-public.firebaseio.com/cli.json [none]
[debug] [2021-07-27T12:05:57.781Z] > command requires scopes: ["email","openid","https://www.googleapis.com/auth/cloudplatformprojects.readonly","https://www.googleapis.com/auth/firebase","https://www.googleapis.com/auth/cloud-platform"]
[debug] [2021-07-27T12:05:57.781Z] > authorizing via signed-in user (rjderay@gmail.com)
[debug] [2021-07-27T12:05:57.781Z] [iam] checking project rayvenderaywebsite for permissions ["cloudfunctions.functions.create","cloudfunctions.functions.delete","cloudfunctions.functions.get","cloudfunctions.functions.list","cloudfunctions.functions.update","cloudfunctions.operations.get","firebase.projects.get"]
[debug] [2021-07-27T12:05:57.782Z] > refreshing access token with scopes: ["email","https://www.googleapis.com/auth/cloud-platform","https://www.googleapis.com/auth/cloudplatformprojects.readonly","https://www.googleapis.com/auth/firebase","openid"]
[debug] [2021-07-27T12:05:57.783Z] >>> HTTP REQUEST POST https://www.googleapis.com/oauth2/v3/token  
 <request body omitted>
[debug] [2021-07-27T12:05:57.884Z] <<< HTTP RESPONSE 200 {"expires":"Mon, 01 Jan 1990 00:00:00 GMT","date":"Tue, 27 Jul 2021 12:05:57 GMT","cache-control":"no-cache, no-store, max-age=0, must-revalidate","pragma":"no-cache","content-type":"application/json; charset=utf-8","vary":"X-Origin, Referer, Origin,Accept-Encoding","server":"scaffolding on HTTPServer2","x-xss-protection":"0","x-frame-options":"SAMEORIGIN","x-content-type-options":"nosniff","alt-svc":"h3=\":443\"; ma=2592000,h3-29=\":443\"; ma=2592000,h3-T051=\":443\"; ma=2592000,h3-Q050=\":443\"; ma=2592000,h3-Q046=\":443\"; ma=2592000,h3-Q043=\":443\"; ma=2592000,quic=\":443\"; ma=2592000; v=\"46,43\"","accept-ranges":"none","transfer-encoding":"chunked"}
[debug] [2021-07-27T12:05:57.891Z] >>> HTTP REQUEST POST https://cloudresourcemanager.googleapis.com/v1/projects/rayvenderaywebsite:testIamPermissions  
 {"permissions":["cloudfunctions.functions.create","cloudfunctions.functions.delete","cloudfunctions.functions.get","cloudfunctions.functions.list","cloudfunctions.functions.update","cloudfunctions.operations.get","firebase.projects.get"]}
[debug] [2021-07-27T12:05:57.907Z] <<< [apiv2][status] GET https://firebase-public.firebaseio.com/cli.json 200
[debug] [2021-07-27T12:05:57.907Z] <<< [apiv2][body] GET https://firebase-public.firebaseio.com/cli.json {"cloudBuildErrorAfter":1594252800000,"cloudBuildWarnAfter":1590019200000,"defaultNode10After":1594252800000,"minVersion":"3.0.5","node8DeploysDisabledAfter":1613390400000,"node8RuntimeDisabledAfter":1615809600000,"node8WarnAfter":1600128000000}
[debug] [2021-07-27T12:05:58.034Z] <<< HTTP RESPONSE 200 {"content-type":"application/json; charset=UTF-8","vary":"X-Origin, Referer, Origin,Accept-Encoding","date":"Tue, 27 Jul 2021 12:05:57 GMT","server":"ESF","cache-control":"private","x-xss-protection":"0","x-frame-options":"SAMEORIGIN","x-content-type-options":"nosniff","server-timing":"gfet4t7; dur=76","alt-svc":"h3=\":443\"; ma=2592000,h3-29=\":443\"; ma=2592000,h3-T051=\":443\"; ma=2592000,h3-Q050=\":443\"; ma=2592000,h3-Q046=\":443\"; ma=2592000,h3-Q043=\":443\"; ma=2592000,quic=\":443\"; ma=2592000; v=\"46,43\"","accept-ranges":"none","transfer-encoding":"chunked"}
[debug] [2021-07-27T12:05:58.035Z] >>> HTTP REQUEST POST https://iam.googleapis.com/v1/projects/rayvenderaywebsite/serviceAccounts/rayvenderaywebsite@appspot.gserviceaccount.com:testIamPermissions  
 {"permissions":["iam.serviceAccounts.actAs"]}
[debug] [2021-07-27T12:05:58.198Z] <<< HTTP RESPONSE 200 {"content-type":"application/json; charset=UTF-8","vary":"X-Origin, Referer, Origin,Accept-Encoding","date":"Tue, 27 Jul 2021 12:05:57 GMT","server":"ESF","cache-control":"private","x-xss-protection":"0","x-frame-options":"SAMEORIGIN","x-content-type-options":"nosniff","alt-svc":"h3=\":443\"; ma=2592000,h3-29=\":443\"; ma=2592000,h3-T051=\":443\"; ma=2592000,h3-Q050=\":443\"; ma=2592000,h3-Q046=\":443\"; ma=2592000,h3-Q043=\":443\"; ma=2592000,quic=\":443\"; ma=2592000; v=\"46,43\"","accept-ranges":"none","transfer-encoding":"chunked"}
[info] 
[info] === Deploying to 'rayvenderaywebsite'...
[info] 
[info] i  deploying functions 
[info] Running command: npm --prefix "$RESOURCE_DIR" run build
[info] +  functions: Finished running predeploy script. 
[debug] [2021-07-27T12:06:03.206Z] Validating nodejs source
[debug] [2021-07-27T12:06:05.847Z] > [functions] package.json contents: {
  "name": "functions",
  "scripts": {
    "lint": "eslint --ext .js,.ts .",
    "build": "tsc",
    "serve": "npm run build && firebase emulators:start --only functions",
    "shell": "npm run build && firebase functions:shell",
    "start": "npm run shell",
    "deploy": "firebase deploy --only functions",
    "logs": "firebase functions:log"
  },
  "engines": {
    "node": "14"
  },
  "main": "lib/index.js",
  "dependencies": {
    "axios": "^0.21.1",
    "firebase-admin": "^9.8.0",
    "firebase-functions": "^3.14.1",
    "github-api": "^3.4.0",
    "openweathermap-ts": "^1.2.10",
    "spotify-web-api-ts": "^1.4.5"
  },
  "devDependencies": {
    "@typescript-eslint/eslint-plugin": "^3.9.1",
    "@typescript-eslint/parser": "^3.8.0",
    "eslint": "^7.6.0",
    "eslint-config-google": "^0.14.0",
    "eslint-plugin-import": "^2.22.0",
    "firebase-functions-test": "^0.2.0",
    "typescript": "^3.8.0"
  },
  "private": true
}
[debug] [2021-07-27T12:06:05.848Z] Building nodejs source
[info] i  functions: ensuring required API cloudfunctions.googleapis.com is enabled... 
[info] i  functions: ensuring required API cloudbuild.googleapis.com is enabled... 
[debug] [2021-07-27T12:06:05.849Z] >>> HTTP REQUEST GET https://serviceusage.googleapis.com/v1/projects/rayvenderaywebsite/services/cloudfunctions.googleapis.com  
 
[debug] [2021-07-27T12:06:05.849Z] >>> HTTP REQUEST GET https://serviceusage.googleapis.com/v1/projects/rayvenderaywebsite/services/runtimeconfig.googleapis.com  
 
[debug] [2021-07-27T12:06:05.849Z] >>> HTTP REQUEST GET https://serviceusage.googleapis.com/v1/projects/rayvenderaywebsite/services/cloudbuild.googleapis.com  
 
[debug] [2021-07-27T12:06:06.065Z] <<< HTTP RESPONSE 200 {"content-type":"application/json; charset=UTF-8","vary":"X-Origin, Referer, Origin,Accept-Encoding","date":"Tue, 27 Jul 2021 12:06:05 GMT","server":"ESF","cache-control":"private","x-xss-protection":"0","x-frame-options":"SAMEORIGIN","x-content-type-options":"nosniff","alt-svc":"h3=\":443\"; ma=2592000,h3-29=\":443\"; ma=2592000,h3-T051=\":443\"; ma=2592000,h3-Q050=\":443\"; ma=2592000,h3-Q046=\":443\"; ma=2592000,h3-Q043=\":443\"; ma=2592000,quic=\":443\"; ma=2592000; v=\"46,43\"","accept-ranges":"none","transfer-encoding":"chunked"}
[debug] [2021-07-27T12:06:06.084Z] <<< HTTP RESPONSE 200 {"content-type":"application/json; charset=UTF-8","vary":"X-Origin, Referer, Origin,Accept-Encoding","date":"Tue, 27 Jul 2021 12:06:05 GMT","server":"ESF","cache-control":"private","x-xss-protection":"0","x-frame-options":"SAMEORIGIN","x-content-type-options":"nosniff","alt-svc":"h3=\":443\"; ma=2592000,h3-29=\":443\"; ma=2592000,h3-T051=\":443\"; ma=2592000,h3-Q050=\":443\"; ma=2592000,h3-Q046=\":443\"; ma=2592000,h3-Q043=\":443\"; ma=2592000,quic=\":443\"; ma=2592000; v=\"46,43\"","accept-ranges":"none","transfer-encoding":"chunked"}
[info] +  functions: required API cloudbuild.googleapis.com is enabled 
[debug] [2021-07-27T12:06:06.092Z] <<< HTTP RESPONSE 200 {"content-type":"application/json; charset=UTF-8","vary":"X-Origin, Referer, Origin,Accept-Encoding","date":"Tue, 27 Jul 2021 12:06:05 GMT","server":"ESF","cache-control":"private","x-xss-protection":"0","x-frame-options":"SAMEORIGIN","x-content-type-options":"nosniff","alt-svc":"h3=\":443\"; ma=2592000,h3-29=\":443\"; ma=2592000,h3-T051=\":443\"; ma=2592000,h3-Q050=\":443\"; ma=2592000,h3-Q046=\":443\"; ma=2592000,h3-Q043=\":443\"; ma=2592000,quic=\":443\"; ma=2592000; v=\"46,43\"","accept-ranges":"none","transfer-encoding":"chunked"}
[info] +  functions: required API cloudfunctions.googleapis.com is enabled 
[debug] [2021-07-27T12:06:06.093Z] >>> HTTP REQUEST GET https://firebase.googleapis.com/v1beta1/projects/rayvenderaywebsite/adminSdkConfig  
 
[debug] [2021-07-27T12:06:06.324Z] <<< HTTP RESPONSE 200 {"content-type":"application/json; charset=UTF-8","vary":"X-Origin, Referer, Origin,Accept-Encoding","date":"Tue, 27 Jul 2021 12:06:05 GMT","server":"ESF","cache-control":"private","x-xss-protection":"0","x-frame-options":"SAMEORIGIN","x-content-type-options":"nosniff","alt-svc":"h3=\":443\"; ma=2592000,h3-29=\":443\"; ma=2592000,h3-T051=\":443\"; ma=2592000,h3-Q050=\":443\"; ma=2592000,h3-Q046=\":443\"; ma=2592000,h3-Q043=\":443\"; ma=2592000,quic=\":443\"; ma=2592000; v=\"46,43\"","accept-ranges":"none","transfer-encoding":"chunked"}
[debug] [2021-07-27T12:06:06.325Z] >>> HTTP REQUEST GET https://runtimeconfig.googleapis.com/v1beta1/projects/rayvenderaywebsite/configs  
 
[debug] [2021-07-27T12:06:06.454Z] <<< HTTP RESPONSE 200 {"content-type":"application/json; charset=UTF-8","vary":"X-Origin, Referer, Origin,Accept-Encoding","date":"Tue, 27 Jul 2021 12:06:05 GMT","server":"ESF","cache-control":"private","x-xss-protection":"0","x-frame-options":"SAMEORIGIN","x-content-type-options":"nosniff","alt-svc":"h3=\":443\"; ma=2592000,h3-29=\":443\"; ma=2592000,h3-T051=\":443\"; ma=2592000,h3-Q050=\":443\"; ma=2592000,h3-Q046=\":443\"; ma=2592000,h3-Q043=\":443\"; ma=2592000,quic=\":443\"; ma=2592000; v=\"46,43\"","accept-ranges":"none","transfer-encoding":"chunked"}
[debug] [2021-07-27T12:06:06.454Z] >>> HTTP REQUEST GET https://runtimeconfig.googleapis.com/v1beta1/projects/rayvenderaywebsite/configs/spotify/variables  
 
[debug] [2021-07-27T12:06:06.454Z] >>> HTTP REQUEST GET https://runtimeconfig.googleapis.com/v1beta1/projects/rayvenderaywebsite/configs/weather/variables  
 
[debug] [2021-07-27T12:06:06.556Z] <<< HTTP RESPONSE 200 {"content-type":"application/json; charset=UTF-8","vary":"X-Origin, Referer, Origin,Accept-Encoding","date":"Tue, 27 Jul 2021 12:06:06 GMT","server":"ESF","cache-control":"private","x-xss-protection":"0","x-frame-options":"SAMEORIGIN","x-content-type-options":"nosniff","alt-svc":"h3=\":443\"; ma=2592000,h3-29=\":443\"; ma=2592000,h3-T051=\":443\"; ma=2592000,h3-Q050=\":443\"; ma=2592000,h3-Q046=\":443\"; ma=2592000,h3-Q043=\":443\"; ma=2592000,quic=\":443\"; ma=2592000; v=\"46,43\"","accept-ranges":"none","transfer-encoding":"chunked"}
[debug] [2021-07-27T12:06:06.557Z] >>> HTTP REQUEST GET https://runtimeconfig.googleapis.com/v1beta1/projects/rayvenderaywebsite/configs/weather/variables/key  
 
[debug] [2021-07-27T12:06:06.668Z] <<< HTTP RESPONSE 200 {"content-type":"application/json; charset=UTF-8","vary":"X-Origin, Referer, Origin,Accept-Encoding","date":"Tue, 27 Jul 2021 12:06:06 GMT","server":"ESF","cache-control":"private","x-xss-protection":"0","x-frame-options":"SAMEORIGIN","x-content-type-options":"nosniff","alt-svc":"h3=\":443\"; ma=2592000,h3-29=\":443\"; ma=2592000,h3-T051=\":443\"; ma=2592000,h3-Q050=\":443\"; ma=2592000,h3-Q046=\":443\"; ma=2592000,h3-Q043=\":443\"; ma=2592000,quic=\":443\"; ma=2592000; v=\"46,43\"","accept-ranges":"none","transfer-encoding":"chunked"}
[debug] [2021-07-27T12:06:06.701Z] <<< HTTP RESPONSE 200 {"content-type":"application/json; charset=UTF-8","vary":"X-Origin, Referer, Origin,Accept-Encoding","date":"Tue, 27 Jul 2021 12:06:06 GMT","server":"ESF","cache-control":"private","x-xss-protection":"0","x-frame-options":"SAMEORIGIN","x-content-type-options":"nosniff","alt-svc":"h3=\":443\"; ma=2592000,h3-29=\":443\"; ma=2592000,h3-T051=\":443\"; ma=2592000,h3-Q050=\":443\"; ma=2592000,h3-Q046=\":443\"; ma=2592000,h3-Q043=\":443\"; ma=2592000,quic=\":443\"; ma=2592000; v=\"46,43\"","accept-ranges":"none","transfer-encoding":"chunked"}
[debug] [2021-07-27T12:06:06.702Z] >>> HTTP REQUEST GET https://runtimeconfig.googleapis.com/v1beta1/projects/rayvenderaywebsite/configs/spotify/variables/clientid  
 
[debug] [2021-07-27T12:06:06.702Z] >>> HTTP REQUEST GET https://runtimeconfig.googleapis.com/v1beta1/projects/rayvenderaywebsite/configs/spotify/variables/clientsecret  
 
[debug] [2021-07-27T12:06:06.702Z] >>> HTTP REQUEST GET https://runtimeconfig.googleapis.com/v1beta1/projects/rayvenderaywebsite/configs/spotify/variables/repoaccesstoken  
 
[debug] [2021-07-27T12:06:06.798Z] <<< HTTP RESPONSE 200 {"content-type":"application/json; charset=UTF-8","vary":"X-Origin, Referer, Origin,Accept-Encoding","date":"Tue, 27 Jul 2021 12:06:06 GMT","server":"ESF","cache-control":"private","x-xss-protection":"0","x-frame-options":"SAMEORIGIN","x-content-type-options":"nosniff","alt-svc":"h3=\":443\"; ma=2592000,h3-29=\":443\"; ma=2592000,h3-T051=\":443\"; ma=2592000,h3-Q050=\":443\"; ma=2592000,h3-Q046=\":443\"; ma=2592000,h3-Q043=\":443\"; ma=2592000,quic=\":443\"; ma=2592000; v=\"46,43\"","accept-ranges":"none","transfer-encoding":"chunked"}
[debug] [2021-07-27T12:06:06.798Z] <<< HTTP RESPONSE 200 {"content-type":"application/json; charset=UTF-8","vary":"X-Origin, Referer, Origin,Accept-Encoding","date":"Tue, 27 Jul 2021 12:06:06 GMT","server":"ESF","cache-control":"private","x-xss-protection":"0","x-frame-options":"SAMEORIGIN","x-content-type-options":"nosniff","alt-svc":"h3=\":443\"; ma=2592000,h3-29=\":443\"; ma=2592000,h3-T051=\":443\"; ma=2592000,h3-Q050=\":443\"; ma=2592000,h3-Q046=\":443\"; ma=2592000,h3-Q043=\":443\"; ma=2592000,quic=\":443\"; ma=2592000; v=\"46,43\"","accept-ranges":"none","transfer-encoding":"chunked"}
[debug] [2021-07-27T12:06:06.799Z] <<< HTTP RESPONSE 200 {"content-type":"application/json; charset=UTF-8","vary":"X-Origin, Referer, Origin,Accept-Encoding","date":"Tue, 27 Jul 2021 12:06:06 GMT","server":"ESF","cache-control":"private","x-xss-protection":"0","x-frame-options":"SAMEORIGIN","x-content-type-options":"nosniff","alt-svc":"h3=\":443\"; ma=2592000,h3-29=\":443\"; ma=2592000,h3-T051=\":443\"; ma=2592000,h3-Q050=\":443\"; ma=2592000,h3-Q046=\":443\"; ma=2592000,h3-Q043=\":443\"; ma=2592000,quic=\":443\"; ma=2592000; v=\"46,43\"","accept-ranges":"none","transfer-encoding":"chunked"}
[debug] [2021-07-27T12:06:06.799Z] Analyzing nodejs backend spec
[info] i  functions: preparing functions directory for uploading... 
[info] i  functions: packaged functions (49.25 KB) for uploading 
[debug] [2021-07-27T12:06:06.985Z] >>> HTTP REQUEST GET https://cloudfunctions.googleapis.com/v1/projects/rayvenderaywebsite/locations/-/functions  
 
[debug] [2021-07-27T12:06:07.443Z] <<< HTTP RESPONSE 200 {"content-type":"application/json; charset=UTF-8","vary":"X-Origin, Referer, Origin,Accept-Encoding","date":"Tue, 27 Jul 2021 12:06:06 GMT","server":"ESF","cache-control":"private","x-xss-protection":"0","x-frame-options":"SAMEORIGIN","x-content-type-options":"nosniff","alt-svc":"h3=\":443\"; ma=2592000,h3-29=\":443\"; ma=2592000,h3-T051=\":443\"; ma=2592000,h3-Q050=\":443\"; ma=2592000,h3-Q046=\":443\"; ma=2592000,h3-Q043=\":443\"; ma=2592000,quic=\":443\"; ma=2592000; v=\"46,43\"","accept-ranges":"none","transfer-encoding":"chunked"}
[debug] [2021-07-27T12:06:07.445Z] >>> HTTP REQUEST POST https://cloudfunctions.googleapis.com/v1/projects/rayvenderaywebsite/locations/us-central1/functions:generateUploadUrl  
 
[debug] [2021-07-27T12:06:07.937Z] <<< HTTP RESPONSE 200 {"content-type":"application/json; charset=UTF-8","vary":"X-Origin, Referer, Origin,Accept-Encoding","date":"Tue, 27 Jul 2021 12:06:07 GMT","server":"ESF","cache-control":"private","x-xss-protection":"0","x-frame-options":"SAMEORIGIN","x-content-type-options":"nosniff","alt-svc":"h3=\":443\"; ma=2592000,h3-29=\":443\"; ma=2592000,h3-T051=\":443\"; ma=2592000,h3-Q050=\":443\"; ma=2592000,h3-Q046=\":443\"; ma=2592000,h3-Q043=\":443\"; ma=2592000,quic=\":443\"; ma=2592000; v=\"46,43\"","accept-ranges":"none","transfer-encoding":"chunked"}
[debug] [2021-07-27T12:06:07.938Z] >>> HTTP REQUEST PUT https://storage.googleapis.com/gcf-upload-us-central1-72f92918-5cd7-46c9-869c-aa2eb4f49e34/cde9894f-0ec9-4e21-9b07-4c0fcf1499a0.zip?GoogleAccessId=service-847829991530@gcf-admin-robot.iam.gserviceaccount.com&Expires=1627389367&Signature=Y8zMJ6D5qZZcU4HPsmyemonVvG2QiC3c4ijGFtkF58t%2Fe8pZfSjDJ6H9bgUPBTfRiVOg4RdCKEStZO8ZR0jfJAg1fxDvbO0kuUVADJ6ZPe0gQV47x%2BH7x80ZtfpOnkZO680bXDs10t1dB8ZqiFjThT2W%2F2LDFTNBBCKxX0%2BXhB%2FIVWkWNCvWHf1Fa9Npx6ULXxBYCXnnMKuYZPJmqg%2FQNdA7IoYGkiObKY5582ccXlrzcurHkL55XknYfFj3in6CeBfe8T41LUO1O0R40Cas6%2Fh0g24WykfW8F%2B2iSbMwZGu9XdyPRltInAfLNcV0gFLF7Bppi9ZQgRpTK5SYM2OQg%3D%3D  
 <request body omitted>
[debug] [2021-07-27T12:06:08.128Z] <<< HTTP RESPONSE 200 {"x-guploader-uploadid":"ADPycdvBcyGjAnbo-c9OVr1h9kwHgamJ541VB4qyWKItBYTrEthSOOOC7h-CFf6pIh0xVfoMPwaEPYR8uKFax_x2lSpOhX2cNA","etag":"\"0aceecc3828633b5562c4afae31da186\"","x-goog-generation":"1627387567595760","x-goog-metageneration":"1","x-goog-hash":"crc32c=Phqz1Q==, md5=Cs7sw4KGM7VWLEr64x2hhg==","x-goog-stored-content-length":"50431","x-goog-stored-content-encoding":"identity","vary":"Origin","content-length":"0","date":"Tue, 27 Jul 2021 12:06:07 GMT","server":"UploadServer","content-type":"text/html; charset=UTF-8","alt-svc":"h3=\":443\"; ma=2592000,h3-29=\":443\"; ma=2592000,h3-T051=\":443\"; ma=2592000,h3-Q050=\":443\"; ma=2592000,h3-Q046=\":443\"; ma=2592000,h3-Q043=\":443\"; ma=2592000,quic=\":443\"; ma=2592000; v=\"46,43\""}
[info] +  functions: functions folder uploaded successfully 
[info] i  functions: updating Node.js 14 function weather-getTemp(us-central1)... 
[debug] [2021-07-27T12:06:08.131Z] >>> HTTP REQUEST PATCH https://cloudfunctions.googleapis.com/v1/projects/rayvenderaywebsite/locations/us-central1/functions/weather-getTemp {"updateMask":"name,sourceUploadUrl,entryPoint,runtime,httpsTrigger.securityLevel,labels,environmentVariables"} 
 {"name":"projects/rayvenderaywebsite/locations/us-central1/functions/weather-getTemp","sourceUploadUrl":"https://storage.googleapis.com/gcf-upload-us-central1-72f92918-5cd7-46c9-869c-aa2eb4f49e34/cde9894f-0ec9-4e21-9b07-4c0fcf1499a0.zip?GoogleAccessId=service-847829991530@gcf-admin-robot.iam.gserviceaccount.com&Expires=1627389367&Signature=Y8zMJ6D5qZZcU4HPsmyemonVvG2QiC3c4ijGFtkF58t%2Fe8pZfSjDJ6H9bgUPBTfRiVOg4RdCKEStZO8ZR0jfJAg1fxDvbO0kuUVADJ6ZPe0gQV47x%2BH7x80ZtfpOnkZO680bXDs10t1dB8ZqiFjThT2W%2F2LDFTNBBCKxX0%2BXhB%2FIVWkWNCvWHf1Fa9Npx6ULXxBYCXnnMKuYZPJmqg%2FQNdA7IoYGkiObKY5582ccXlrzcurHkL55XknYfFj3in6CeBfe8T41LUO1O0R40Cas6%2Fh0g24WykfW8F%2B2iSbMwZGu9XdyPRltInAfLNcV0gFLF7Bppi9ZQgRpTK5SYM2OQg%3D%3D","entryPoint":"weather.getTemp","runtime":"nodejs14","httpsTrigger":{"securityLevel":"SECURE_OPTIONAL"},"labels":{"deployment-tool":"cli-firebase"},"environmentVariables":{"FIREBASE_CONFIG":"{\"projectId\":\"rayvenderaywebsite\",\"storageBucket\":\"rayvenderaywebsite.appspot.com\"}"}}
[debug] [2021-07-27T12:06:08.527Z] <<< HTTP RESPONSE 200 {"content-type":"application/json; charset=UTF-8","vary":"X-Origin, Referer, Origin,Accept-Encoding","date":"Tue, 27 Jul 2021 12:06:08 GMT","server":"ESF","cache-control":"private","x-xss-protection":"0","x-frame-options":"SAMEORIGIN","x-content-type-options":"nosniff","alt-svc":"h3=\":443\"; ma=2592000,h3-29=\":443\"; ma=2592000,h3-T051=\":443\"; ma=2592000,h3-Q050=\":443\"; ma=2592000,h3-Q046=\":443\"; ma=2592000,h3-Q043=\":443\"; ma=2592000,quic=\":443\"; ma=2592000; v=\"46,43\"","accept-ranges":"none","transfer-encoding":"chunked"}
[debug] [2021-07-27T12:06:08.527Z] > refreshing access token with scopes: []
[debug] [2021-07-27T12:06:08.527Z] >>> HTTP REQUEST POST https://www.googleapis.com/oauth2/v3/token  
 <request body omitted>
[debug] [2021-07-27T12:06:08.612Z] <<< HTTP RESPONSE 200 {"expires":"Mon, 01 Jan 1990 00:00:00 GMT","date":"Tue, 27 Jul 2021 12:06:08 GMT","cache-control":"no-cache, no-store, max-age=0, must-revalidate","pragma":"no-cache","content-type":"application/json; charset=utf-8","vary":"X-Origin, Referer, Origin,Accept-Encoding","server":"scaffolding on HTTPServer2","x-xss-protection":"0","x-frame-options":"SAMEORIGIN","x-content-type-options":"nosniff","alt-svc":"h3=\":443\"; ma=2592000,h3-29=\":443\"; ma=2592000,h3-T051=\":443\"; ma=2592000,h3-Q050=\":443\"; ma=2592000,h3-Q046=\":443\"; ma=2592000,h3-Q043=\":443\"; ma=2592000,quic=\":443\"; ma=2592000; v=\"46,43\"","accept-ranges":"none","transfer-encoding":"chunked"}
[debug] [2021-07-27T12:06:08.618Z] >>> [apiv2][query] GET https://cloudfunctions.googleapis.com/v1/operations/cmF5dmVuZGVyYXl3ZWJzaXRlL3VzLWNlbnRyYWwxL3dlYXRoZXItZ2V0VGVtcC9oR08yMDFSSnktcw [none]
[debug] [2021-07-27T12:06:08.778Z] <<< [apiv2][status] GET https://cloudfunctions.googleapis.com/v1/operations/cmF5dmVuZGVyYXl3ZWJzaXRlL3VzLWNlbnRyYWwxL3dlYXRoZXItZ2V0VGVtcC9oR08yMDFSSnktcw 200
[debug] [2021-07-27T12:06:08.778Z] <<< [apiv2][body] GET https://cloudfunctions.googleapis.com/v1/operations/cmF5dmVuZGVyYXl3ZWJzaXRlL3VzLWNlbnRyYWwxL3dlYXRoZXItZ2V0VGVtcC9oR08yMDFSSnktcw {"name":"operations/cmF5dmVuZGVyYXl3ZWJzaXRlL3VzLWNlbnRyYWwxL3dlYXRoZXItZ2V0VGVtcC9oR08yMDFSSnktcw","metadata":{"@type":"type.googleapis.com/google.cloud.functions.v1.OperationMetadataV1","target":"projects/rayvenderaywebsite/locations/us-central1/functions/weather-getTemp","type":"UPDATE_FUNCTION","request":{"@type":"type.googleapis.com/google.cloud.functions.v1.CloudFunction","name":"projects/rayvenderaywebsite/locations/us-central1/functions/weather-getTemp","httpsTrigger":{"url":"https://us-central1-rayvenderaywebsite.cloudfunctions.net/weather-getTemp","securityLevel":"SECURE_OPTIONAL"},"status":"ACTIVE","entryPoint":"weather.getTemp","timeout":"60s","availableMemoryMb":256,"serviceAccountEmail":"rayvenderaywebsite@appspot.gserviceaccount.com","updateTime":"2021-07-24T19:13:57.320Z","versionId":"20","labels":{"deployment-tool":"cli-firebase"},"sourceUploadUrl":"https://storage.googleapis.com/gcf-upload-us-central1-72f92918-5cd7-46c9-869c-aa2eb4f49e34/cde9894f-0ec9-4e21-9b07-4c0fcf1499a0.zip?GoogleAccessId=service-847829991530@gcf-admin-robot.iam.gserviceaccount.com&Expires=1627389367&Signature=Y8zMJ6D5qZZcU4HPsmyemonVvG2QiC3c4ijGFtkF58t%2Fe8pZfSjDJ6H9bgUPBTfRiVOg4RdCKEStZO8ZR0jfJAg1fxDvbO0kuUVADJ6ZPe0gQV47x%2BH7x80ZtfpOnkZO680bXDs10t1dB8ZqiFjThT2W%2F2LDFTNBBCKxX0%2BXhB%2FIVWkWNCvWHf1Fa9Npx6ULXxBYCXnnMKuYZPJmqg%2FQNdA7IoYGkiObKY5582ccXlrzcurHkL55XknYfFj3in6CeBfe8T41LUO1O0R40Cas6%2Fh0g24WykfW8F%2B2iSbMwZGu9XdyPRltInAfLNcV0gFLF7Bppi9ZQgRpTK5SYM2OQg%3D%3D","environmentVariables":{"FIREBASE_CONFIG":"{\"projectId\":\"rayvenderaywebsite\",\"storageBucket\":\"rayvenderaywebsite.appspot.com\"}"},"runtime":"nodejs14","ingressSettings":"ALLOW_ALL","buildId":"5b1d4180-a2e8-46e3-afe4-a44017996065"},"versionId":"21","updateTime":"2021-07-27T12:06:07Z","buildName":"projects/847829991530/locations/us-central1/builds/5b1d4180-a2e8-46e3-afe4-a44017996065"}}
[debug] [2021-07-27T12:06:09.288Z] [update-projects/rayvenderaywebsite/locations/us-central1/functions/weather-getTemp] Retrying task index 0
[debug] [2021-07-27T12:06:09.288Z] >>> [apiv2][query] GET https://cloudfunctions.googleapis.com/v1/operations/cmF5dmVuZGVyYXl3ZWJzaXRlL3VzLWNlbnRyYWwxL3dlYXRoZXItZ2V0VGVtcC9oR08yMDFSSnktcw [none]
[debug] [2021-07-27T12:06:09.396Z] <<< [apiv2][status] GET https://cloudfunctions.googleapis.com/v1/operations/cmF5dmVuZGVyYXl3ZWJzaXRlL3VzLWNlbnRyYWwxL3dlYXRoZXItZ2V0VGVtcC9oR08yMDFSSnktcw 200
[debug] [2021-07-27T12:06:09.396Z] <<< [apiv2][body] GET https://cloudfunctions.googleapis.com/v1/operations/cmF5dmVuZGVyYXl3ZWJzaXRlL3VzLWNlbnRyYWwxL3dlYXRoZXItZ2V0VGVtcC9oR08yMDFSSnktcw {"name":"operations/cmF5dmVuZGVyYXl3ZWJzaXRlL3VzLWNlbnRyYWwxL3dlYXRoZXItZ2V0VGVtcC9oR08yMDFSSnktcw","metadata":{"@type":"type.googleapis.com/google.cloud.functions.v1.OperationMetadataV1","target":"projects/rayvenderaywebsite/locations/us-central1/functions/weather-getTemp","type":"UPDATE_FUNCTION","request":{"@type":"type.googleapis.com/google.cloud.functions.v1.CloudFunction","name":"projects/rayvenderaywebsite/locations/us-central1/functions/weather-getTemp","httpsTrigger":{"url":"https://us-central1-rayvenderaywebsite.cloudfunctions.net/weather-getTemp","securityLevel":"SECURE_OPTIONAL"},"status":"ACTIVE","entryPoint":"weather.getTemp","timeout":"60s","availableMemoryMb":256,"serviceAccountEmail":"rayvenderaywebsite@appspot.gserviceaccount.com","updateTime":"2021-07-24T19:13:57.320Z","versionId":"20","labels":{"deployment-tool":"cli-firebase"},"sourceUploadUrl":"https://storage.googleapis.com/gcf-upload-us-central1-72f92918-5cd7-46c9-869c-aa2eb4f49e34/cde9894f-0ec9-4e21-9b07-4c0fcf1499a0.zip?GoogleAccessId=service-847829991530@gcf-admin-robot.iam.gserviceaccount.com&Expires=1627389367&Signature=Y8zMJ6D5qZZcU4HPsmyemonVvG2QiC3c4ijGFtkF58t%2Fe8pZfSjDJ6H9bgUPBTfRiVOg4RdCKEStZO8ZR0jfJAg1fxDvbO0kuUVADJ6ZPe0gQV47x%2BH7x80ZtfpOnkZO680bXDs10t1dB8ZqiFjThT2W%2F2LDFTNBBCKxX0%2BXhB%2FIVWkWNCvWHf1Fa9Npx6ULXxBYCXnnMKuYZPJmqg%2FQNdA7IoYGkiObKY5582ccXlrzcurHkL55XknYfFj3in6CeBfe8T41LUO1O0R40Cas6%2Fh0g24WykfW8F%2B2iSbMwZGu9XdyPRltInAfLNcV0gFLF7Bppi9ZQgRpTK5SYM2OQg%3D%3D","environmentVariables":{"FIREBASE_CONFIG":"{\"projectId\":\"rayvenderaywebsite\",\"storageBucket\":\"rayvenderaywebsite.appspot.com\"}"},"runtime":"nodejs14","ingressSettings":"ALLOW_ALL","buildId":"5b1d4180-a2e8-46e3-afe4-a44017996065"},"versionId":"21","updateTime":"2021-07-27T12:06:08Z","buildName":"projects/847829991530/locations/us-central1/builds/5b1d4180-a2e8-46e3-afe4-a44017996065"}}
[debug] [2021-07-27T12:06:10.405Z] [update-projects/rayvenderaywebsite/locations/us-central1/functions/weather-getTemp] Retrying task index 0
[debug] [2021-07-27T12:06:10.405Z] >>> [apiv2][query] GET https://cloudfunctions.googleapis.com/v1/operations/cmF5dmVuZGVyYXl3ZWJzaXRlL3VzLWNlbnRyYWwxL3dlYXRoZXItZ2V0VGVtcC9oR08yMDFSSnktcw [none]
[debug] [2021-07-27T12:06:10.555Z] <<< [apiv2][status] GET https://cloudfunctions.googleapis.com/v1/operations/cmF5dmVuZGVyYXl3ZWJzaXRlL3VzLWNlbnRyYWwxL3dlYXRoZXItZ2V0VGVtcC9oR08yMDFSSnktcw 200
[debug] [2021-07-27T12:06:10.555Z] <<< [apiv2][body] GET https://cloudfunctions.googleapis.com/v1/operations/cmF5dmVuZGVyYXl3ZWJzaXRlL3VzLWNlbnRyYWwxL3dlYXRoZXItZ2V0VGVtcC9oR08yMDFSSnktcw {"name":"operations/cmF5dmVuZGVyYXl3ZWJzaXRlL3VzLWNlbnRyYWwxL3dlYXRoZXItZ2V0VGVtcC9oR08yMDFSSnktcw","metadata":{"@type":"type.googleapis.com/google.cloud.functions.v1.OperationMetadataV1","target":"projects/rayvenderaywebsite/locations/us-central1/functions/weather-getTemp","type":"UPDATE_FUNCTION","request":{"@type":"type.googleapis.com/google.cloud.functions.v1.CloudFunction","name":"projects/rayvenderaywebsite/locations/us-central1/functions/weather-getTemp","httpsTrigger":{"url":"https://us-central1-rayvenderaywebsite.cloudfunctions.net/weather-getTemp","securityLevel":"SECURE_OPTIONAL"},"status":"ACTIVE","entryPoint":"weather.getTemp","timeout":"60s","availableMemoryMb":256,"serviceAccountEmail":"rayvenderaywebsite@appspot.gserviceaccount.com","updateTime":"2021-07-24T19:13:57.320Z","versionId":"20","labels":{"deployment-tool":"cli-firebase"},"sourceUploadUrl":"https://storage.googleapis.com/gcf-upload-us-central1-72f92918-5cd7-46c9-869c-aa2eb4f49e34/cde9894f-0ec9-4e21-9b07-4c0fcf1499a0.zip?GoogleAccessId=service-847829991530@gcf-admin-robot.iam.gserviceaccount.com&Expires=1627389367&Signature=Y8zMJ6D5qZZcU4HPsmyemonVvG2QiC3c4ijGFtkF58t%2Fe8pZfSjDJ6H9bgUPBTfRiVOg4RdCKEStZO8ZR0jfJAg1fxDvbO0kuUVADJ6ZPe0gQV47x%2BH7x80ZtfpOnkZO680bXDs10t1dB8ZqiFjThT2W%2F2LDFTNBBCKxX0%2BXhB%2FIVWkWNCvWHf1Fa9Npx6ULXxBYCXnnMKuYZPJmqg%2FQNdA7IoYGkiObKY5582ccXlrzcurHkL55XknYfFj3in6CeBfe8T41LUO1O0R40Cas6%2Fh0g24WykfW8F%2B2iSbMwZGu9XdyPRltInAfLNcV0gFLF7Bppi9ZQgRpTK5SYM2OQg%3D%3D","environmentVariables":{"FIREBASE_CONFIG":"{\"projectId\":\"rayvenderaywebsite\",\"storageBucket\":\"rayvenderaywebsite.appspot.com\"}"},"runtime":"nodejs14","ingressSettings":"ALLOW_ALL","buildId":"5b1d4180-a2e8-46e3-afe4-a44017996065"},"versionId":"21","updateTime":"2021-07-27T12:06:08Z","buildId":"d91f72e4-f2cb-4d8a-9958-83587a0256d7","buildName":"projects/847829991530/locations/us-central1/builds/d91f72e4-f2cb-4d8a-9958-83587a0256d7"}}
[debug] [2021-07-27T12:06:12.561Z] [update-projects/rayvenderaywebsite/locations/us-central1/functions/weather-getTemp] Retrying task index 0
[debug] [2021-07-27T12:06:12.561Z] >>> [apiv2][query] GET https://cloudfunctions.googleapis.com/v1/operations/cmF5dmVuZGVyYXl3ZWJzaXRlL3VzLWNlbnRyYWwxL3dlYXRoZXItZ2V0VGVtcC9oR08yMDFSSnktcw [none]
[debug] [2021-07-27T12:06:12.708Z] <<< [apiv2][status] GET https://cloudfunctions.googleapis.com/v1/operations/cmF5dmVuZGVyYXl3ZWJzaXRlL3VzLWNlbnRyYWwxL3dlYXRoZXItZ2V0VGVtcC9oR08yMDFSSnktcw 200
[debug] [2021-07-27T12:06:12.708Z] <<< [apiv2][body] GET https://cloudfunctions.googleapis.com/v1/operations/cmF5dmVuZGVyYXl3ZWJzaXRlL3VzLWNlbnRyYWwxL3dlYXRoZXItZ2V0VGVtcC9oR08yMDFSSnktcw {"name":"operations/cmF5dmVuZGVyYXl3ZWJzaXRlL3VzLWNlbnRyYWwxL3dlYXRoZXItZ2V0VGVtcC9oR08yMDFSSnktcw","metadata":{"@type":"type.googleapis.com/google.cloud.functions.v1.OperationMetadataV1","target":"projects/rayvenderaywebsite/locations/us-central1/functions/weather-getTemp","type":"UPDATE_FUNCTION","request":{"@type":"type.googleapis.com/google.cloud.functions.v1.CloudFunction","name":"projects/rayvenderaywebsite/locations/us-central1/functions/weather-getTemp","httpsTrigger":{"url":"https://us-central1-rayvenderaywebsite.cloudfunctions.net/weather-getTemp","securityLevel":"SECURE_OPTIONAL"},"status":"ACTIVE","entryPoint":"weather.getTemp","timeout":"60s","availableMemoryMb":256,"serviceAccountEmail":"rayvenderaywebsite@appspot.gserviceaccount.com","updateTime":"2021-07-24T19:13:57.320Z","versionId":"20","labels":{"deployment-tool":"cli-firebase"},"sourceUploadUrl":"https://storage.googleapis.com/gcf-upload-us-central1-72f92918-5cd7-46c9-869c-aa2eb4f49e34/cde9894f-0ec9-4e21-9b07-4c0fcf1499a0.zip?GoogleAccessId=service-847829991530@gcf-admin-robot.iam.gserviceaccount.com&Expires=1627389367&Signature=Y8zMJ6D5qZZcU4HPsmyemonVvG2QiC3c4ijGFtkF58t%2Fe8pZfSjDJ6H9bgUPBTfRiVOg4RdCKEStZO8ZR0jfJAg1fxDvbO0kuUVADJ6ZPe0gQV47x%2BH7x80ZtfpOnkZO680bXDs10t1dB8ZqiFjThT2W%2F2LDFTNBBCKxX0%2BXhB%2FIVWkWNCvWHf1Fa9Npx6ULXxBYCXnnMKuYZPJmqg%2FQNdA7IoYGkiObKY5582ccXlrzcurHkL55XknYfFj3in6CeBfe8T41LUO1O0R40Cas6%2Fh0g24WykfW8F%2B2iSbMwZGu9XdyPRltInAfLNcV0gFLF7Bppi9ZQgRpTK5SYM2OQg%3D%3D","environmentVariables":{"FIREBASE_CONFIG":"{\"projectId\":\"rayvenderaywebsite\",\"storageBucket\":\"rayvenderaywebsite.appspot.com\"}"},"runtime":"nodejs14","ingressSettings":"ALLOW_ALL","buildId":"5b1d4180-a2e8-46e3-afe4-a44017996065"},"versionId":"21","updateTime":"2021-07-27T12:06:08Z","buildId":"d91f72e4-f2cb-4d8a-9958-83587a0256d7","buildName":"projects/847829991530/locations/us-central1/builds/d91f72e4-f2cb-4d8a-9958-83587a0256d7"}}
[debug] [2021-07-27T12:06:16.719Z] [update-projects/rayvenderaywebsite/locations/us-central1/functions/weather-getTemp] Retrying task index 0
[debug] [2021-07-27T12:06:16.719Z] >>> [apiv2][query] GET https://cloudfunctions.googleapis.com/v1/operations/cmF5dmVuZGVyYXl3ZWJzaXRlL3VzLWNlbnRyYWwxL3dlYXRoZXItZ2V0VGVtcC9oR08yMDFSSnktcw [none]
[debug] [2021-07-27T12:06:16.857Z] <<< [apiv2][status] GET https://cloudfunctions.googleapis.com/v1/operations/cmF5dmVuZGVyYXl3ZWJzaXRlL3VzLWNlbnRyYWwxL3dlYXRoZXItZ2V0VGVtcC9oR08yMDFSSnktcw 200
[debug] [2021-07-27T12:06:16.857Z] <<< [apiv2][body] GET https://cloudfunctions.googleapis.com/v1/operations/cmF5dmVuZGVyYXl3ZWJzaXRlL3VzLWNlbnRyYWwxL3dlYXRoZXItZ2V0VGVtcC9oR08yMDFSSnktcw {"name":"operations/cmF5dmVuZGVyYXl3ZWJzaXRlL3VzLWNlbnRyYWwxL3dlYXRoZXItZ2V0VGVtcC9oR08yMDFSSnktcw","metadata":{"@type":"type.googleapis.com/google.cloud.functions.v1.OperationMetadataV1","target":"projects/rayvenderaywebsite/locations/us-central1/functions/weather-getTemp","type":"UPDATE_FUNCTION","request":{"@type":"type.googleapis.com/google.cloud.functions.v1.CloudFunction","name":"projects/rayvenderaywebsite/locations/us-central1/functions/weather-getTemp","httpsTrigger":{"url":"https://us-central1-rayvenderaywebsite.cloudfunctions.net/weather-getTemp","securityLevel":"SECURE_OPTIONAL"},"status":"ACTIVE","entryPoint":"weather.getTemp","timeout":"60s","availableMemoryMb":256,"serviceAccountEmail":"rayvenderaywebsite@appspot.gserviceaccount.com","updateTime":"2021-07-24T19:13:57.320Z","versionId":"20","labels":{"deployment-tool":"cli-firebase"},"sourceUploadUrl":"https://storage.googleapis.com/gcf-upload-us-central1-72f92918-5cd7-46c9-869c-aa2eb4f49e34/cde9894f-0ec9-4e21-9b07-4c0fcf1499a0.zip?GoogleAccessId=service-847829991530@gcf-admin-robot.iam.gserviceaccount.com&Expires=1627389367&Signature=Y8zMJ6D5qZZcU4HPsmyemonVvG2QiC3c4ijGFtkF58t%2Fe8pZfSjDJ6H9bgUPBTfRiVOg4RdCKEStZO8ZR0jfJAg1fxDvbO0kuUVADJ6ZPe0gQV47x%2BH7x80ZtfpOnkZO680bXDs10t1dB8ZqiFjThT2W%2F2LDFTNBBCKxX0%2BXhB%2FIVWkWNCvWHf1Fa9Npx6ULXxBYCXnnMKuYZPJmqg%2FQNdA7IoYGkiObKY5582ccXlrzcurHkL55XknYfFj3in6CeBfe8T41LUO1O0R40Cas6%2Fh0g24WykfW8F%2B2iSbMwZGu9XdyPRltInAfLNcV0gFLF7Bppi9ZQgRpTK5SYM2OQg%3D%3D","environmentVariables":{"FIREBASE_CONFIG":"{\"projectId\":\"rayvenderaywebsite\",\"storageBucket\":\"rayvenderaywebsite.appspot.com\"}"},"runtime":"nodejs14","ingressSettings":"ALLOW_ALL","buildId":"5b1d4180-a2e8-46e3-afe4-a44017996065"},"versionId":"21","updateTime":"2021-07-27T12:06:08Z","buildId":"d91f72e4-f2cb-4d8a-9958-83587a0256d7","buildName":"projects/847829991530/locations/us-central1/builds/d91f72e4-f2cb-4d8a-9958-83587a0256d7"}}
[debug] [2021-07-27T12:06:24.863Z] [update-projects/rayvenderaywebsite/locations/us-central1/functions/weather-getTemp] Retrying task index 0
[debug] [2021-07-27T12:06:24.863Z] >>> [apiv2][query] GET https://cloudfunctions.googleapis.com/v1/operations/cmF5dmVuZGVyYXl3ZWJzaXRlL3VzLWNlbnRyYWwxL3dlYXRoZXItZ2V0VGVtcC9oR08yMDFSSnktcw [none]
[debug] [2021-07-27T12:06:25.004Z] <<< [apiv2][status] GET https://cloudfunctions.googleapis.com/v1/operations/cmF5dmVuZGVyYXl3ZWJzaXRlL3VzLWNlbnRyYWwxL3dlYXRoZXItZ2V0VGVtcC9oR08yMDFSSnktcw 200
[debug] [2021-07-27T12:06:25.004Z] <<< [apiv2][body] GET https://cloudfunctions.googleapis.com/v1/operations/cmF5dmVuZGVyYXl3ZWJzaXRlL3VzLWNlbnRyYWwxL3dlYXRoZXItZ2V0VGVtcC9oR08yMDFSSnktcw {"name":"operations/cmF5dmVuZGVyYXl3ZWJzaXRlL3VzLWNlbnRyYWwxL3dlYXRoZXItZ2V0VGVtcC9oR08yMDFSSnktcw","metadata":{"@type":"type.googleapis.com/google.cloud.functions.v1.OperationMetadataV1","target":"projects/rayvenderaywebsite/locations/us-central1/functions/weather-getTemp","type":"UPDATE_FUNCTION","request":{"@type":"type.googleapis.com/google.cloud.functions.v1.CloudFunction","name":"projects/rayvenderaywebsite/locations/us-central1/functions/weather-getTemp","httpsTrigger":{"url":"https://us-central1-rayvenderaywebsite.cloudfunctions.net/weather-getTemp","securityLevel":"SECURE_OPTIONAL"},"status":"ACTIVE","entryPoint":"weather.getTemp","timeout":"60s","availableMemoryMb":256,"serviceAccountEmail":"rayvenderaywebsite@appspot.gserviceaccount.com","updateTime":"2021-07-24T19:13:57.320Z","versionId":"20","labels":{"deployment-tool":"cli-firebase"},"sourceUploadUrl":"https://storage.googleapis.com/gcf-upload-us-central1-72f92918-5cd7-46c9-869c-aa2eb4f49e34/cde9894f-0ec9-4e21-9b07-4c0fcf1499a0.zip?GoogleAccessId=service-847829991530@gcf-admin-robot.iam.gserviceaccount.com&Expires=1627389367&Signature=Y8zMJ6D5qZZcU4HPsmyemonVvG2QiC3c4ijGFtkF58t%2Fe8pZfSjDJ6H9bgUPBTfRiVOg4RdCKEStZO8ZR0jfJAg1fxDvbO0kuUVADJ6ZPe0gQV47x%2BH7x80ZtfpOnkZO680bXDs10t1dB8ZqiFjThT2W%2F2LDFTNBBCKxX0%2BXhB%2FIVWkWNCvWHf1Fa9Npx6ULXxBYCXnnMKuYZPJmqg%2FQNdA7IoYGkiObKY5582ccXlrzcurHkL55XknYfFj3in6CeBfe8T41LUO1O0R40Cas6%2Fh0g24WykfW8F%2B2iSbMwZGu9XdyPRltInAfLNcV0gFLF7Bppi9ZQgRpTK5SYM2OQg%3D%3D","environmentVariables":{"FIREBASE_CONFIG":"{\"projectId\":\"rayvenderaywebsite\",\"storageBucket\":\"rayvenderaywebsite.appspot.com\"}"},"runtime":"nodejs14","ingressSettings":"ALLOW_ALL","buildId":"5b1d4180-a2e8-46e3-afe4-a44017996065"},"versionId":"21","updateTime":"2021-07-27T12:06:08Z","buildId":"d91f72e4-f2cb-4d8a-9958-83587a0256d7","buildName":"projects/847829991530/locations/us-central1/builds/d91f72e4-f2cb-4d8a-9958-83587a0256d7"}}
[debug] [2021-07-27T12:06:41.012Z] [update-projects/rayvenderaywebsite/locations/us-central1/functions/weather-getTemp] Retrying task index 0
[debug] [2021-07-27T12:06:41.013Z] >>> [apiv2][query] GET https://cloudfunctions.googleapis.com/v1/operations/cmF5dmVuZGVyYXl3ZWJzaXRlL3VzLWNlbnRyYWwxL3dlYXRoZXItZ2V0VGVtcC9oR08yMDFSSnktcw [none]
[debug] [2021-07-27T12:06:41.107Z] <<< [apiv2][status] GET https://cloudfunctions.googleapis.com/v1/operations/cmF5dmVuZGVyYXl3ZWJzaXRlL3VzLWNlbnRyYWwxL3dlYXRoZXItZ2V0VGVtcC9oR08yMDFSSnktcw 200
[debug] [2021-07-27T12:06:41.107Z] <<< [apiv2][body] GET https://cloudfunctions.googleapis.com/v1/operations/cmF5dmVuZGVyYXl3ZWJzaXRlL3VzLWNlbnRyYWwxL3dlYXRoZXItZ2V0VGVtcC9oR08yMDFSSnktcw {"name":"operations/cmF5dmVuZGVyYXl3ZWJzaXRlL3VzLWNlbnRyYWwxL3dlYXRoZXItZ2V0VGVtcC9oR08yMDFSSnktcw","metadata":{"@type":"type.googleapis.com/google.cloud.functions.v1.OperationMetadataV1","target":"projects/rayvenderaywebsite/locations/us-central1/functions/weather-getTemp","type":"UPDATE_FUNCTION","request":{"@type":"type.googleapis.com/google.cloud.functions.v1.CloudFunction","name":"projects/rayvenderaywebsite/locations/us-central1/functions/weather-getTemp","httpsTrigger":{"url":"https://us-central1-rayvenderaywebsite.cloudfunctions.net/weather-getTemp","securityLevel":"SECURE_OPTIONAL"},"status":"ACTIVE","entryPoint":"weather.getTemp","timeout":"60s","availableMemoryMb":256,"serviceAccountEmail":"rayvenderaywebsite@appspot.gserviceaccount.com","updateTime":"2021-07-24T19:13:57.320Z","versionId":"20","labels":{"deployment-tool":"cli-firebase"},"sourceUploadUrl":"https://storage.googleapis.com/gcf-upload-us-central1-72f92918-5cd7-46c9-869c-aa2eb4f49e34/cde9894f-0ec9-4e21-9b07-4c0fcf1499a0.zip?GoogleAccessId=service-847829991530@gcf-admin-robot.iam.gserviceaccount.com&Expires=1627389367&Signature=Y8zMJ6D5qZZcU4HPsmyemonVvG2QiC3c4ijGFtkF58t%2Fe8pZfSjDJ6H9bgUPBTfRiVOg4RdCKEStZO8ZR0jfJAg1fxDvbO0kuUVADJ6ZPe0gQV47x%2BH7x80ZtfpOnkZO680bXDs10t1dB8ZqiFjThT2W%2F2LDFTNBBCKxX0%2BXhB%2FIVWkWNCvWHf1Fa9Npx6ULXxBYCXnnMKuYZPJmqg%2FQNdA7IoYGkiObKY5582ccXlrzcurHkL55XknYfFj3in6CeBfe8T41LUO1O0R40Cas6%2Fh0g24WykfW8F%2B2iSbMwZGu9XdyPRltInAfLNcV0gFLF7Bppi9ZQgRpTK5SYM2OQg%3D%3D","environmentVariables":{"FIREBASE_CONFIG":"{\"projectId\":\"rayvenderaywebsite\",\"storageBucket\":\"rayvenderaywebsite.appspot.com\"}"},"runtime":"nodejs14","ingressSettings":"ALLOW_ALL","buildId":"5b1d4180-a2e8-46e3-afe4-a44017996065"},"versionId":"21","updateTime":"2021-07-27T12:06:08Z","buildId":"d91f72e4-f2cb-4d8a-9958-83587a0256d7","buildName":"projects/847829991530/locations/us-central1/builds/d91f72e4-f2cb-4d8a-9958-83587a0256d7"}}
